# JRE version: OpenJDK Runtime Environment (11.0.13) (build 11.0.13+0-b1751.21-8125866)
# Java VM: OpenJDK 64-Bit Server VM (11.0.13+0-b1751.21-8125866, mixed mode, tiered, compressed oops, g1 gc, windows-amd64)
Heap:
 garbage-first heap   total 178176K, used 24727K [0x0000000082200000, 0x0000000100000000)
  region size 1024K, 5 young (5120K), 5 survivors (5120K)
 Metaspace       used 42953K, capacity 43492K, committed 43696K, reserved 1087488K
  class space    used 5153K, capacity 5361K, committed 5376K, reserved 1048576K
GC Heap History (9 events):
Event: 0.603 GC heap before
{Heap before GC invocations=0 (full 0):
 garbage-first heap   total 129024K, used 27648K [0x0000000082200000, 0x0000000100000000)
  region size 1024K, 24 young (24576K), 0 survivors (0K)
 Metaspace       used 12165K, capacity 12286K, committed 12416K, reserved 1060864K
  class space    used 1090K, capacity 1113K, committed 1152K, reserved 1048576K
}
Event: 0.609 GC heap after
{Heap after GC invocations=1 (full 0):
 garbage-first heap   total 129024K, used 6157K [0x0000000082200000, 0x0000000100000000)
  region size 1024K, 3 young (3072K), 3 survivors (3072K)
 Metaspace       used 12165K, capacity 12286K, committed 12416K, reserved 1060864K
  class space    used 1090K, capacity 1113K, committed 1152K, reserved 1048576K
}
Event: 1.271 GC heap before
{Heap before GC invocations=1 (full 0):
 garbage-first heap   total 129024K, used 43021K [0x0000000082200000, 0x0000000100000000)
  region size 1024K, 40 young (40960K), 3 survivors (3072K)
 Metaspace       used 20916K, capacity 21162K, committed 21296K, reserved 1069056K
  class space    used 2258K, capacity 2376K, committed 2432K, reserved 1048576K
}
Event: 1.284 GC heap after
{Heap after GC invocations=2 (full 0):
 garbage-first heap   total 129024K, used 9787K [0x0000000082200000, 0x0000000100000000)
  region size 1024K, 7 young (7168K), 7 survivors (7168K)
 Metaspace       used 20916K, capacity 21162K, committed 21296K, reserved 1069056K
  class space    used 2258K, capacity 2376K, committed 2432K, reserved 1048576K
}
Event: 2.990 GC heap before
{Heap before GC invocations=3 (full 0):
 garbage-first heap   total 129024K, used 66107K [0x0000000082200000, 0x0000000100000000)
  region size 1024K, 57 young (58368K), 7 survivors (7168K)
 Metaspace       used 32669K, capacity 33168K, committed 33456K, reserved 1079296K
  class space    used 4090K, capacity 4290K, committed 4352K, reserved 1048576K
}
Event: 3.029 GC heap after
{Heap after GC invocations=4 (full 0):
 garbage-first heap   total 129024K, used 21309K [0x0000000082200000, 0x0000000100000000)
  region size 1024K, 8 young (8192K), 8 survivors (8192K)
 Metaspace       used 32669K, capacity 33168K, committed 33456K, reserved 1079296K
  class space    used 4090K, capacity 4290K, committed 4352K, reserved 1048576K
}
Event: 3.537 GC heap before
{Heap before GC invocations=4 (full 0):
 garbage-first heap   total 129024K, used 31549K [0x0000000082200000, 0x0000000100000000)
  region size 1024K, 19 young (19456K), 8 survivors (8192K)
 Metaspace       used 35233K, capacity 35765K, committed 35920K, reserved 1081344K
  class space    used 4379K, capacity 4580K, committed 4608K, reserved 1048576K
}
Event: 3.577 GC heap after
{Heap after GC invocations=5 (full 0):
 garbage-first heap   total 129024K, used 23685K [0x0000000082200000, 0x0000000100000000)
  region size 1024K, 2 young (2048K), 2 survivors (2048K)
 Metaspace       used 35233K, capacity 35765K, committed 35920K, reserved 1081344K
  class space    used 4379K, capacity 4580K, committed 4608K, reserved 1048576K
}
Event: 5.339 GC heap before
{Heap before GC invocations=6 (full 0):
 garbage-first heap   total 129024K, used 66693K [0x0000000082200000, 0x0000000100000000)
  region size 1024K, 44 young (45056K), 2 survivors (2048K)
 Metaspace       used 42953K, capacity 43492K, committed 43696K, reserved 1087488K
  class space    used 5153K, capacity 5361K, committed 5376K, reserved 1048576K
}

